[INFO] Scanning for projects...
[INFO] ------------------------------------------------------------------------
[INFO] Reactor Build Order:
[INFO] 
[INFO] walhalla-parent                                                    [pom]
[INFO] WalhallaCore                                                       [jar]
[INFO] WalhallaCombat                                                     [jar]
[INFO] WalhallaSpells                                                     [jar]
[INFO] WalhallaWeapons                                                    [jar]
[INFO] WalhallaWeaponMods                                                 [jar]
[INFO] WalhallaProfessions                                                [jar]
[INFO] WalhallaZones                                                      [jar]
[INFO] WalhallaMenu                                                       [jar]
[INFO] WalhallaRPGMenu                                                    [jar]
[INFO] WalhallaEconomy                                                    [jar]
[INFO] WalhallaMarket                                                     [jar]
[INFO] WalhallaGuilds                                                     [jar]
[INFO] WalhallaDungeons                                                   [jar]
[INFO] WalhallaBosses                                                     [jar]
[INFO] WalhallaQuests                                                     [jar]
[INFO] WalhallaEvents                                                     [jar]
[INFO] 
[INFO] --------------------< walhalla.mmo:walhalla-parent >--------------------
[INFO] Building walhalla-parent 1.5.0-SNAPSHOT                           [1/17]
[INFO]   from pom.xml
[INFO] --------------------------------[ pom ]---------------------------------
[INFO] 
[INFO] --- clean:3.2.0:clean (default-clean) @ walhalla-parent ---
[INFO] 
[INFO] ---------------------< walhalla.mmo:walhalla-core >---------------------
[INFO] Building WalhallaCore 1.5.0-SNAPSHOT                              [2/17]
[INFO]   from WalhallaCore/pom.xml
[INFO] --------------------------------[ jar ]---------------------------------
[INFO] 
[INFO] --- clean:3.2.0:clean (default-clean) @ walhalla-core ---
[INFO] Deleting /home/ubuntu/WalhallaMMO_From_CANON_v1.5.3_CORE_UIFIX/WalhallaCore/target
[INFO] 
[INFO] --- resources:3.3.1:resources (default-resources) @ walhalla-core ---
[INFO] Copying 41 resources from src/main/resources to target/classes
[INFO] 
[INFO] --- compiler:3.13.0:compile (default-compile) @ walhalla-core ---
[INFO] Recompiling the module because of changed source code.
[INFO] Compiling 45 source files with javac [debug release 21] to target/classes
[INFO] Annotation processing is enabled because one or more processors were found
  on the class path. A future release of javac may disable annotation processing
  unless at least one processor is specified by name (-processor), or a search
  path is specified (--processor-path, --processor-module-path), or annotation
  processing is enabled explicitly (-proc:only, -proc:full).
  Use -Xlint:-options to suppress this message.
  Use -proc:none to disable annotation processing.
[INFO] /home/ubuntu/WalhallaMMO_From_CANON_v1.5.3_CORE_UIFIX/WalhallaCore/src/main/java/walhalla/mmo/core/admin/WalhallaAdminCommand.java: Some input files use or override a deprecated API.
[INFO] /home/ubuntu/WalhallaMMO_From_CANON_v1.5.3_CORE_UIFIX/WalhallaCore/src/main/java/walhalla/mmo/core/admin/WalhallaAdminCommand.java: Recompile with -Xlint:deprecation for details.
[INFO] 
[INFO] --- resources:3.3.1:testResources (default-testResources) @ walhalla-core ---
[INFO] skip non existing resourceDirectory /home/ubuntu/WalhallaMMO_From_CANON_v1.5.3_CORE_UIFIX/WalhallaCore/src/test/resources
[INFO] 
[INFO] --- compiler:3.13.0:testCompile (default-testCompile) @ walhalla-core ---
[INFO] No sources to compile
[INFO] 
[INFO] --- surefire:3.2.2:test (default-test) @ walhalla-core ---
Downloading from central: https://repo.maven.apache.org/maven2/org/apache/maven/surefire/maven-surefire-common/3.2.2/maven-surefire-common-3.2.2.pom
Progress (1): 823 BProgress (1): 2.3 kBProgress (1): 5.4 kBProgress (1): 6.1 kB                    Downloaded from central: https://repo.maven.apache.org/maven2/org/apache/maven/surefire/maven-surefire-common/3.2.2/maven-surefire-common-3.2.2.pom (6.1 kB at 18 kB/s)
Downloading from central: https://repo.maven.apache.org/maven2/org/apache/maven/surefire/surefire-api/3.2.2/surefire-api-3.2.2.pom
Progress (1): 839 BProgress (1): 2.2 kBProgress (1): 3.4 kB                    Downloaded from central: https://repo.maven.apache.org/maven2/org/apache/maven/surefire/surefire-api/3.2.2/surefire-api-3.2.2.pom (3.4 kB at 95 kB/s)
Downloading from central: https://repo.maven.apache.org/maven2/org/apache/maven/surefire/surefire-logger-api/3.2.2/surefire-logger-api-3.2.2.pom
Progress (1): 830 BProgress (1): 1.8 kBProgress (1): 3.2 kB                    Downloaded from central: https://repo.maven.apache.org/maven2/org/apache/maven/surefire/surefire-logger-api/3.2.2/surefire-logger-api-3.2.2.pom (3.2 kB at 77 kB/s)
Downloading from central: https://repo.maven.apache.org/maven2/org/apache/maven/surefire/surefire-shared-utils/3.2.2/surefire-shared-utils-3.2.2.pom
Progress (1): 1.1 kBProgress (1): 3.7 kBProgress (1): 4.1 kB                    Downloaded from central: https://repo.maven.apache.org/maven2/org/apache/maven/surefire/surefire-shared-utils/3.2.2/surefire-shared-utils-3.2.2.pom (4.1 kB at 86 kB/s)
Downloading from central: https://repo.maven.apache.org/maven2/org/apache/maven/surefire/surefire-extensions-api/3.2.2/surefire-extensions-api-3.2.2.pom
Progress (1): 844 BProgress (1): 2.7 kBProgress (1): 3.2 kB                    Downloaded from central: https://repo.maven.apache.org/maven2/org/apache/maven/surefire/surefire-extensions-api/3.2.2/surefire-extensions-api-3.2.2.pom (3.2 kB at 97 kB/s)
Downloading from central: https://repo.maven.apache.org/maven2/org/apache/maven/surefire/surefire-booter/3.2.2/surefire-booter-3.2.2.pom
Progress (1): 830 BProgress (1): 2.2 kBProgress (1): 4.3 kB                    Downloaded from central: https://repo.maven.apache.org/maven2/org/apache/maven/surefire/surefire-booter/3.2.2/surefire-booter-3.2.2.pom (4.3 kB at 124 kB/s)
Downloading from central: https://repo.maven.apache.org/maven2/org/apache/maven/surefire/surefire-extensions-spi/3.2.2/surefire-extensions-spi-3.2.2.pom
Progress (1): 873 BProgress (1): 1.7 kB                    Downloaded from central: https://repo.maven.apache.org/maven2/org/apache/maven/surefire/surefire-extensions-spi/3.2.2/surefire-extensions-spi-3.2.2.pom (1.7 kB at 52 kB/s)
Downloading from central: https://repo.maven.apache.org/maven2/org/eclipse/aether/aether-util/1.0.0.v20140518/aether-util-1.0.0.v20140518.pom
Progress (1): 937 BProgress (1): 2.2 kB                    Downloaded from central: https://repo.maven.apache.org/maven2/org/eclipse/aether/aether-util/1.0.0.v20140518/aether-util-1.0.0.v20140518.pom (2.2 kB at 66 kB/s)
Downloading from central: https://repo.maven.apache.org/maven2/org/eclipse/aether/aether/1.0.0.v20140518/aether-1.0.0.v20140518.pom
Progress (1): 798 BProgress (1): 2.8 kBProgress (1): 4.6 kBProgress (1): 8.4 kBProgress (1): 9.9 kBProgress (1): 14 kB Progress (1): 18 kBProgress (1): 20 kBProgress (1): 23 kBProgress (1): 28 kBProgress (1): 30 kB                   Downloaded from central: https://repo.maven.apache.org/maven2/org/eclipse/aether/aether/1.0.0.v20140518/aether-1.0.0.v20140518.pom (30 kB at 793 kB/s)
Downloading from central: https://repo.maven.apache.org/maven2/org/eclipse/aether/aether-api/1.0.0.v20140518/aether-api-1.0.0.v20140518.pom
Progress (1): 938 BProgress (1): 1.9 kB                    Downloaded from central: https://repo.maven.apache.org/maven2/org/eclipse/aether/aether-api/1.0.0.v20140518/aether-api-1.0.0.v20140518.pom (1.9 kB at 70 kB/s)
Downloading from central: https://repo.maven.apache.org/maven2/org/apache/maven/shared/maven-common-artifact-filters/3.1.1/maven-common-artifact-filters-3.1.1.pom
Progress (1): 798 BProgress (1): 1.8 kBProgress (1): 4.7 kBProgress (1): 5.8 kB                    Downloaded from central: https://repo.maven.apache.org/maven2/org/apache/maven/shared/maven-common-artifact-filters/3.1.1/maven-common-artifact-filters-3.1.1.pom (5.8 kB at 181 kB/s)
Downloading from central: https://repo.maven.apache.org/maven2/org/apache/maven/maven-artifact/3.2.5/maven-artifact-3.2.5.pom
Progress (1): 843 BProgress (1): 2.0 kBProgress (1): 2.3 kB                    Downloaded from central: https://repo.maven.apache.org/maven2/org/apache/maven/maven-artifact/3.2.5/maven-artifact-3.2.5.pom (2.3 kB at 84 kB/s)
Downloading from central: https://repo.maven.apache.org/maven2/org/apache/maven/maven/3.2.5/maven-3.2.5.pom
Progress (1): 759 BProgress (1): 1.9 kBProgress (1): 2.9 kBProgress (1): 4.6 kBProgress (1): 8.8 kBProgress (1): 13 kB Progress (1): 17 kBProgress (1): 19 kBProgress (1): 21 kBProgress (1): 22 kB                   Downloaded from central: https://repo.maven.apache.org/maven2/org/apache/maven/maven/3.2.5/maven-3.2.5.pom (22 kB at 658 kB/s)
Downloading from central: https://repo.maven.apache.org/maven2/org/apache/maven/maven-parent/25/maven-parent-25.pom
Progress (1): 730 BProgress (1): 1.7 kBProgress (1): 4.9 kBProgress (1): 9.2 kBProgress (1): 12 kB Progress (1): 17 kBProgress (1): 21 kBProgress (1): 23 kBProgress (1): 24 kBProgress (1): 28 kBProgress (1): 29 kBProgress (1): 32 kBProgress (1): 36 kBProgress (1): 37 kB                   Downloaded from central: https://repo.maven.apache.org/maven2/org/apache/maven/maven-parent/25/maven-parent-25.pom (37 kB at 1.2 MB/s)
Downloading from central: https://repo.maven.apache.org/maven2/org/apache/apache/15/apache-15.pom
Progress (1): 754 BProgress (1): 1.7 kBProgress (1): 3.4 kBProgress (1): 6.8 kBProgress (1): 9.3 kBProgress (1): 12 kB Progress (1): 15 kB                   Downloaded from central: https://repo.maven.apache.org/maven2/org/apache/apache/15/apache-15.pom (15 kB at 491 kB/s)
Downloading from central: https://repo.maven.apache.org/maven2/org/apache/maven/maven-core/3.2.5/maven-core-3.2.5.pom
Progress (1): 794 BProgress (1): 2.2 kBProgress (1): 5.3 kBProgress (1): 8.1 kB                    Downloaded from central: https://repo.maven.apache.org/maven2/org/apache/maven/maven-core/3.2.5/maven-core-3.2.5.pom (8.1 kB at 244 kB/s)
Downloading from central: https://repo.maven.apache.org/maven2/org/apache/maven/maven-settings/3.2.5/maven-settings-3.2.5.pom
Progress (1): 823 BProgress (1): 2.2 kB                    Downloaded from central: https://repo.maven.apache.org/maven2/org/apache/maven/maven-settings/3.2.5/maven-settings-3.2.5.pom (2.2 kB at 70 kB/s)
Downloading from central: https://repo.maven.apache.org/maven2/org/apache/maven/maven-settings-builder/3.2.5/maven-settings-builder-3.2.5.pom
Progress (1): 823 BProgress (1): 2.6 kB                    Downloaded from central: https://repo.maven.apache.org/maven2/org/apache/maven/maven-settings-builder/3.2.5/maven-settings-builder-3.2.5.pom (2.6 kB at 96 kB/s)
Downloading from central: https://repo.maven.apache.org/maven2/org/codehaus/plexus/plexus-interpolation/1.21/plexus-interpolation-1.21.pom
Progress (1): 1.3 kBProgress (1): 1.5 kB                    Downloaded from central: https://repo.maven.apache.org/maven2/org/codehaus/plexus/plexus-interpolation/1.21/plexus-interpolation-1.21.pom (1.5 kB at 45 kB/s)
Downloading from central: https://repo.maven.apache.org/maven2/org/codehaus/plexus/plexus-components/1.3.1/plexus-components-1.3.1.pom
Progress (1): 1.3 kBProgress (1): 3.1 kB                    Downloaded from central: https://repo.maven.apache.org/maven2/org/codehaus/plexus/plexus-components/1.3.1/plexus-components-1.3.1.pom (3.1 kB at 113 kB/s)
Downloading from central: https://repo.maven.apache.org/maven2/org/codehaus/plexus/plexus/3.3.1/plexus-3.3.1.pom
Progress (1): 707 BProgress (1): 2.6 kBProgress (1): 6.1 kBProgress (1): 8.6 kBProgress (1): 11 kB Progress (1): 16 kBProgress (1): 20 kBProgress (1): 20 kB                   Downloaded from central: https://repo.maven.apache.org/maven2/org/codehaus/plexus/plexus/3.3.1/plexus-3.3.1.pom (20 kB at 639 kB/s)
Downloading from central: https://repo.maven.apache.org/maven2/org/sonatype/spice/spice-parent/17/spice-parent-17.pom
Progress (1): 1.2 kBProgress (1): 3.4 kBProgress (1): 6.7 kBProgress (1): 6.8 kB                    Downloaded from central: https://repo.maven.apache.org/maven2/org/sonatype/spice/spice-parent/17/spice-parent-17.pom (6.8 kB at 193 kB/s)
Downloading from central: https://repo.maven.apache.org/maven2/org/sonatype/forge/forge-parent/10/forge-parent-10.pom
Progress (1): 739 BProgress (1): 2.6 kBProgress (1): 8.6 kBProgress (1): 12 kB Progress (1): 14 kB                   Downloaded from central: https://repo.maven.apache.org/maven2/org/sonatype/forge/forge-parent/10/forge-parent-10.pom (14 kB at 468 kB/s)
Downloading from central: https://repo.maven.apache.org/maven2/org/codehaus/plexus/plexus-component-annotations/1.5.5/plexus-component-annotations-1.5.5.pom
Progress (1): 815 B                   Downloaded from central: https://repo.maven.apache.org/maven2/org/codehaus/plexus/plexus-component-annotations/1.5.5/plexus-component-annotations-1.5.5.pom (815 B at 24 kB/s)
Downloading from central: https://repo.maven.apache.org/maven2/org/codehaus/plexus/plexus-containers/1.5.5/plexus-containers-1.5.5.pom
Progress (1): 1.3 kBProgress (1): 4.2 kB                    Downloaded from central: https://repo.maven.apache.org/maven2/org/codehaus/plexus/plexus-containers/1.5.5/plexus-containers-1.5.5.pom (4.2 kB at 151 kB/s)
Downloading from central: https://repo.maven.apache.org/maven2/org/codehaus/plexus/plexus/2.0.7/plexus-2.0.7.pom
Progress (1): 825 BProgress (1): 3.0 kBProgress (1): 6.1 kBProgress (1): 9.0 kBProgress (1): 13 kB Progress (1): 17 kBProgress (1): 17 kB                   Downloaded from central: https://repo.maven.apache.org/maven2/org/codehaus/plexus/plexus/2.0.7/plexus-2.0.7.pom (17 kB at 524 kB/s)
Downloading from central: https://repo.maven.apache.org/maven2/org/sonatype/plexus/plexus-sec-dispatcher/1.3/plexus-sec-dispatcher-1.3.pom
Progress (1): 1.3 kBProgress (1): 3.0 kB                    Downloaded from central: https://repo.maven.apache.org/maven2/org/sonatype/plexus/plexus-sec-dispatcher/1.3/plexus-sec-dispatcher-1.3.pom (3.0 kB at 106 kB/s)
Downloading from central: https://repo.maven.apache.org/maven2/org/sonatype/spice/spice-parent/12/spice-parent-12.pom
Progress (1): 1.2 kBProgress (1): 4.2 kBProgress (1): 6.8 kB                    Downloaded from central: https://repo.maven.apache.org/maven2/org/sonatype/spice/spice-parent/12/spice-parent-12.pom (6.8 kB at 200 kB/s)
Downloading from central: https://repo.maven.apache.org/maven2/org/sonatype/forge/forge-parent/4/forge-parent-4.pom
Progress (1): 1.4 kBProgress (1): 5.8 kBProgress (1): 8.4 kB                    Downloaded from central: https://repo.maven.apache.org/maven2/org/sonatype/forge/forge-parent/4/forge-parent-4.pom (8.4 kB at 233 kB/s)
Downloading from central: https://repo.maven.apache.org/maven2/org/sonatype/plexus/plexus-cipher/1.4/plexus-cipher-1.4.pom
Progress (1): 1.4 kBProgress (1): 2.1 kB                    Downloaded from central: https://repo.maven.apache.org/maven2/org/sonatype/plexus/plexus-cipher/1.4/plexus-cipher-1.4.pom (2.1 kB at 67 kB/s)
Downloading from central: https://repo.maven.apache.org/maven2/org/apache/maven/maven-repository-metadata/3.2.5/maven-repository-metadata-3.2.5.pom
Progress (1): 823 BProgress (1): 2.2 kB                    Downloaded from central: https://repo.maven.apache.org/maven2/org/apache/maven/maven-repository-metadata/3.2.5/maven-repository-metadata-3.2.5.pom (2.2 kB at 66 kB/s)
Downloading from central: https://repo.maven.apache.org/maven2/org/apache/maven/maven-plugin-api/3.2.5/maven-plugin-api-3.2.5.pom
Progress (1): 816 BProgress (1): 2.5 kBProgress (1): 3.0 kB                    Downloaded from central: https://repo.maven.apache.org/maven2/org/apache/maven/maven-plugin-api/3.2.5/maven-plugin-api-3.2.5.pom (3.0 kB at 92 kB/s)
Downloading from central: https://repo.maven.apache.org/maven2/org/eclipse/sisu/org.eclipse.sisu.plexus/0.9.0.M2/org.eclipse.sisu.plexus-0.9.0.M2.pom
Progress (1): 827 BProgress (1): 3.5 kBProgress (1): 8.7 kBProgress (1): 15 kB Progress (1): 15 kB                   Downloaded from central: https://repo.maven.apache.org/maven2/org/eclipse/sisu/org.eclipse.sisu.plexus/0.9.0.M2/org.eclipse.sisu.plexus-0.9.0.M2.pom (15 kB at 468 kB/s)
Downloading from central: https://repo.maven.apache.org/maven2/org/eclipse/sisu/sisu-plexus/0.9.0.M2/sisu-plexus-0.9.0.M2.pom
Progress (1): 862 BProgress (1): 3.0 kBProgress (1): 4.7 kBProgress (1): 8.5 kBProgress (1): 12 kB Progress (1): 15 kB                   Downloaded from central: https://repo.maven.apache.org/maven2/org/eclipse/sisu/sisu-plexus/0.9.0.M2/sisu-plexus-0.9.0.M2.pom (15 kB at 414 kB/s)
Downloading from central: https://repo.maven.apache.org/maven2/javax/annotation/javax.annotation-api/1.2/javax.annotation-api-1.2.pom
Progress (1): 702 BProgress (1): 2.0 kBProgress (1): 3.5 kBProgress (1): 5.5 kBProgress (1): 8.7 kBProgress (1): 12 kB Progress (1): 13 kB                   Downloaded from central: https://repo.maven.apache.org/maven2/javax/annotation/javax.annotation-api/1.2/javax.annotation-api-1.2.pom (13 kB at 373 kB/s)
Downloading from central: https://repo.maven.apache.org/maven2/net/java/jvnet-parent/3/jvnet-parent-3.pom
Progress (1): 838 BProgress (1): 2.5 kBProgress (1): 4.8 kB                    Downloaded from central: https://repo.maven.apache.org/maven2/net/java/jvnet-parent/3/jvnet-parent-3.pom (4.8 kB at 141 kB/s)
Downloading from central: https://repo.maven.apache.org/maven2/javax/enterprise/cdi-api/1.2/cdi-api-1.2.pom
Progress (1): 1.1 kBProgress (1): 3.4 kBProgress (1): 5.7 kBProgress (1): 6.3 kB                    Downloaded from central: https://repo.maven.apache.org/maven2/javax/enterprise/cdi-api/1.2/cdi-api-1.2.pom (6.3 kB at 161 kB/s)
Downloading from central: https://repo.maven.apache.org/maven2/org/jboss/weld/weld-parent/26/weld-parent-26.pom
Progress (1): 1.1 kBProgress (1): 3.1 kBProgress (1): 6.4 kBProgress (1): 8.2 kBProgress (1): 14 kB Progress (1): 17 kBProgress (1): 20 kBProgress (1): 23 kBProgress (1): 27 kBProgress (1): 32 kBProgress (1): 32 kB                   Downloaded from central: https://repo.maven.apache.org/maven2/org/jboss/weld/weld-parent/26/weld-parent-26.pom (32 kB at 980 kB/s)
Downloading from central: https://repo.maven.apache.org/maven2/org/codehaus/plexus/plexus-component-annotations/2.1.0/plexus-component-annotations-2.1.0.pom
Progress (1): 750 B                   Downloaded from central: https://repo.maven.apache.org/maven2/org/codehaus/plexus/plexus-component-annotations/2.1.0/plexus-component-annotations-2.1.0.pom (750 B at 16 kB/s)
Downloading from central: https://repo.maven.apache.org/maven2/org/codehaus/plexus/plexus-containers/2.1.0/plexus-containers-2.1.0.pom
Progress (1): 1.3 kBProgress (1): 4.7 kBProgress (1): 4.8 kB                    Downloaded from central: https://repo.maven.apache.org/maven2/org/codehaus/plexus/plexus-containers/2.1.0/plexus-containers-2.1.0.pom (4.8 kB at 178 kB/s)
Downloading from central: https://repo.maven.apache.org/maven2/org/codehaus/plexus/plexus-classworlds/2.6.0/plexus-classworlds-2.6.0.pom
Progress (1): 932 BProgress (1): 2.6 kBProgress (1): 5.5 kBProgress (1): 7.9 kB                    Downloaded from central: https://repo.maven.apache.org/maven2/org/codehaus/plexus/plexus-classworlds/2.6.0/plexus-classworlds-2.6.0.pom (7.9 kB at 158 kB/s)
Downloading from central: https://repo.maven.apache.org/maven2/org/apache/maven/maven-model-builder/3.2.5/maven-model-builder-3.2.5.pom
Progress (1): 836 BProgress (1): 2.7 kBProgress (1): 3.0 kB                    Downloaded from central: https://repo.maven.apache.org/maven2/org/apache/maven/maven-model-builder/3.2.5/maven-model-builder-3.2.5.pom (3.0 kB at 88 kB/s)
Downloading from central: https://repo.maven.apache.org/maven2/org/apache/maven/maven-aether-provider/3.2.5/maven-aether-provider-3.2.5.pom
Progress (1): 811 BProgress (1): 3.0 kBProgress (1): 4.2 kB                    Downloaded from central: https://repo.maven.apache.org/maven2/org/apache/maven/maven-aether-provider/3.2.5/maven-aether-provider-3.2.5.pom (4.2 kB at 129 kB/s)
Downloading from central: https://repo.maven.apache.org/maven2/org/eclipse/aether/aether-spi/1.0.0.v20140518/aether-spi-1.0.0.v20140518.pom
Progress (1): 934 BProgress (1): 2.1 kB                    Downloaded from central: https://repo.maven.apache.org/maven2/org/eclipse/aether/aether-spi/1.0.0.v20140518/aether-spi-1.0.0.v20140518.pom (2.1 kB at 64 kB/s)
Downloading from central: https://repo.maven.apache.org/maven2/org/eclipse/aether/aether-impl/1.0.0.v20140518/aether-impl-1.0.0.v20140518.pom
Progress (1): 922 BProgress (1): 3.5 kB                    Downloaded from central: https://repo.maven.apache.org/maven2/org/eclipse/aether/aether-impl/1.0.0.v20140518/aether-impl-1.0.0.v20140518.pom (3.5 kB at 94 kB/s)
Downloading from central: https://repo.maven.apache.org/maven2/org/sonatype/sisu/sisu-guice/3.2.3/sisu-guice-3.2.3.pom
Progress (1): 1.3 kBProgress (1): 3.8 kBProgress (1): 6.0 kBProgress (1): 9.7 kBProgress (1): 11 kB                    Downloaded from central: https://repo.maven.apache.org/maven2/org/sonatype/sisu/sisu-guice/3.2.3/sisu-guice-3.2.3.pom (11 kB at 312 kB/s)
Downloading from central: https://repo.maven.apache.org/maven2/org/sonatype/sisu/inject/guice-parent/3.2.3/guice-parent-3.2.3.pom
Progress (1): 799 BProgress (1): 2.7 kBProgress (1): 5.1 kBProgress (1): 7.6 kBProgress (1): 10 kB Progress (1): 13 kB                   Downloaded from central: https://repo.maven.apache.org/maven2/org/sonatype/sisu/inject/guice-parent/3.2.3/guice-parent-3.2.3.pom (13 kB at 396 kB/s)
Downloading from central: https://repo.maven.apache.org/maven2/org/sonatype/forge/forge-parent/38/forge-parent-38.pom
Progress (1): 812 BProgress (1): 2.5 kBProgress (1): 5.0 kBProgress (1): 8.7 kBProgress (1): 12 kB Progress (1): 16 kBProgress (1): 19 kB                   Downloaded from central: https://repo.maven.apache.org/maven2/org/sonatype/forge/forge-parent/38/forge-parent-38.pom (19 kB at 721 kB/s)
Downloading from central: https://repo.maven.apache.org/maven2/aopalliance/aopalliance/1.0/aopalliance-1.0.pom
Progress (1): 363 B                   Downloaded from central: https://repo.maven.apache.org/maven2/aopalliance/aopalliance/1.0/aopalliance-1.0.pom (363 B at 9.1 kB/s)
Downloading from central: https://repo.maven.apache.org/maven2/com/google/guava/guava/16.0.1/guava-16.0.1.pom
Progress (1): 956 BProgress (1): 2.8 kBProgress (1): 5.3 kBProgress (1): 6.1 kB                    Downloaded from central: https://repo.maven.apache.org/maven2/com/google/guava/guava/16.0.1/guava-16.0.1.pom (6.1 kB at 185 kB/s)
Downloading from central: https://repo.maven.apache.org/maven2/com/google/guava/guava-parent/16.0.1/guava-parent-16.0.1.pom
Progress (1): 1.1 kBProgress (1): 2.9 kBProgress (1): 6.3 kBProgress (1): 7.3 kB                    Downloaded from central: https://repo.maven.apache.org/maven2/com/google/guava/guava-parent/16.0.1/guava-parent-16.0.1.pom (7.3 kB at 282 kB/s)
Downloading from central: https://repo.maven.apache.org/maven2/org/codehaus/plexus/plexus-classworlds/2.5.2/plexus-classworlds-2.5.2.pom
Progress (1): 930 BProgress (1): 3.0 kBProgress (1): 6.0 kBProgress (1): 7.3 kB                    Downloaded from central: https://repo.maven.apache.org/maven2/org/codehaus/plexus/plexus-classworlds/2.5.2/plexus-classworlds-2.5.2.pom (7.3 kB at 244 kB/s)
Downloading from central: https://repo.maven.apache.org/maven2/commons-io/commons-io/2.12.0/commons-io-2.12.0.pom
Progress (1): 798 BProgress (1): 2.3 kBProgress (1): 5.3 kBProgress (1): 8.1 kBProgress (1): 8.2 kBProgress (1): 10 kB Progress (1): 12 kBProgress (1): 15 kBProgress (1): 18 kBProgress (1): 20 kB                   Downloaded from central: https://repo.maven.apache.org/maven2/commons-io/commons-io/2.12.0/commons-io-2.12.0.pom (20 kB at 753 kB/s)
Downloading from central: https://repo.maven.apache.org/maven2/org/apache/commons/commons-parent/57/commons-parent-57.pom
Progress (1): 707 BProgress (1): 1.9 kBProgress (1): 3.1 kBProgress (1): 4.6 kBProgress (1): 6.5 kBProgress (1): 8.4 kBProgress (1): 10 kB Progress (1): 12 kBProgress (1): 15 kBProgress (1): 17 kBProgress (1): 20 kBProgress (1): 23 kBProgress (1): 26 kBProgress (1): 29 kBProgress (1): 33 kBProgress (1): 33 kBProgress (1): 36 kBProgress (1): 41 kBProgress (1): 44 kBProgress (1): 47 kBProgress (1): 49 kBProgress (1): 52 kBProgress (1): 56 kBProgress (1): 58 kBProgress (1): 61 kBProgress (1): 64 kBProgress (1): 67 kBProgress (1): 73 kBProgress (1): 76 kBProgress (1): 80 kBProgress (1): 83 kB                   Downloaded from central: https://repo.maven.apache.org/maven2/org/apache/commons/commons-parent/57/commons-parent-57.pom (83 kB at 2.2 MB/s)
Downloading from central: https://repo.maven.apache.org/maven2/org/junit/junit-bom/5.9.2/junit-bom-5.9.2.pom
Progress (1): 907 BProgress (1): 4.1 kBProgress (1): 5.6 kB                    Downloaded from central: https://repo.maven.apache.org/maven2/org/junit/junit-bom/5.9.2/junit-bom-5.9.2.pom (5.6 kB at 256 kB/s)
Downloading from central: https://repo.maven.apache.org/maven2/org/apache/maven/surefire/maven-surefire-common/3.2.2/maven-surefire-common-3.2.2.jar
Progress (1): 7.7/309 kBProgress (1): 16/309 kB Progress (1): 32/309 kBProgress (1): 49/309 kBProgress (1): 65/309 kBProgress (1): 81/309 kBProgress (1): 98/309 kBProgress (1): 114/309 kBProgress (1): 131/309 kBProgress (1): 147/309 kBProgress (1): 163/309 kBProgress (1): 180/309 kBProgress (1): 196/309 kBProgress (1): 213/309 kBProgress (1): 229/309 kBProgress (1): 245/309 kBProgress (1): 262/309 kBProgress (1): 278/309 kBProgress (1): 294/309 kBProgress (1): 309 kB                        Downloaded from central: https://repo.maven.apache.org/maven2/org/apache/maven/surefire/maven-surefire-common/3.2.2/maven-surefire-common-3.2.2.jar (309 kB at 6.4 MB/s)
Downloading from central: https://repo.maven.apache.org/maven2/org/apache/maven/surefire/surefire-api/3.2.2/surefire-api-3.2.2.jar
Downloading from central: https://repo.maven.apache.org/maven2/org/apache/maven/surefire/surefire-logger-api/3.2.2/surefire-logger-api-3.2.2.jar
Downloading from central: https://repo.maven.apache.org/maven2/org/apache/maven/surefire/surefire-extensions-api/3.2.2/surefire-extensions-api-3.2.2.jar
Downloading from central: https://repo.maven.apache.org/maven2/org/apache/maven/surefire/surefire-booter/3.2.2/surefire-booter-3.2.2.jar
Downloading from central: https://repo.maven.apache.org/maven2/org/apache/maven/surefire/surefire-extensions-spi/3.2.2/surefire-extensions-spi-3.2.2.jar
Progress (1): 7.7/14 kBProgress (1): 14 kB                       Downloaded from central: https://repo.maven.apache.org/maven2/org/apache/maven/surefire/surefire-logger-api/3.2.2/surefire-logger-api-3.2.2.jar (14 kB at 452 kB/s)
Downloading from central: https://repo.maven.apache.org/maven2/org/eclipse/aether/aether-util/1.0.0.v20140518/aether-util-1.0.0.v20140518.jar
Progress (1): 0.9/118 kBProgress (1): 2.3/118 kBProgress (1): 3.6/118 kBProgress (1): 5.0/118 kBProgress (1): 6.4/118 kBProgress (1): 7.7/118 kBProgress (1): 9.1/118 kBProgress (1): 10/118 kB Progress (1): 12/118 kBProgress (1): 13/118 kBProgress (1): 15/118 kBProgress (1): 16/118 kBProgress (1): 17/118 kBProgress (1): 18/118 kBProgress (1): 20/118 kBProgress (1): 21/118 kBProgress (1): 23/118 kBProgress (1): 24/118 kBProgress (1): 25/118 kBProgress (1): 27/118 kBProgress (1): 28/118 kBProgress (1): 29/118 kBProgress (2): 29/118 kB | 7.7/146 kBProgress (2): 31/118 kB | 7.7/146 kBProgress (2): 31/118 kB | 16/146 kB Progress (2): 32/118 kB | 16/146 kBProgress (2): 33/118 kB | 16/146 kBProgress (2): 35/118 kB | 16/146 kBProgress (2): 36/118 kB | 16/146 kBProgress (2): 36/118 kB | 32/146 kBProgress (2): 38/118 kB | 32/146 kBProgress (2): 39/118 kB | 32/146 kBProgress (2): 40/118 kB | 32/146 kBProgress (2): 42/118 kB | 32/146 kBProgress (2): 42/118 kB | 49/146 kBProgress (2): 43/118 kB | 49/146 kBProgress (2): 44/118 kB | 49/146 kBProgress (2): 46/118 kB | 49/146 kBProgress (2): 47/118 kB | 49/146 kBProgress (2): 47/118 kB | 65/146 kBProgress (2): 49/118 kB | 65/146 kBProgress (2): 50/118 kB | 65/146 kBProgress (2): 51/118 kB | 65/146 kBProgress (2): 53/118 kB | 65/146 kBProgress (2): 53/118 kB | 81/146 kBProgress (2): 54/118 kB | 81/146 kBProgress (2): 55/118 kB | 81/146 kBProgress (2): 55/118 kB | 98/146 kBProgress (2): 60/118 kB | 98/146 kBProgress (2): 64/118 kB | 98/146 kBProgress (2): 68/118 kB | 98/146 kBProgress (2): 68/118 kB | 114/146 kBProgress (2): 72/118 kB | 114/146 kBProgress (2): 77/118 kB | 114/146 kBProgress (2): 77/118 kB | 131/146 kBProgress (2): 81/118 kB | 131/146 kBProgress (2): 85/118 kB | 131/146 kBProgress (2): 85/118 kB | 146 kB    Progress (2): 89/118 kB | 146 kBProgress (2): 93/118 kB | 146 kBProgress (2): 98/118 kB | 146 kB                                Downloaded from central: https://repo.maven.apache.org/maven2/org/eclipse/aether/aether-util/1.0.0.v20140518/aether-util-1.0.0.v20140518.jar (146 kB at 2.8 MB/s)
Progress (1): 102/118 kB                        Downloading from central: https://repo.maven.apache.org/maven2/org/eclipse/aether/aether-api/1.0.0.v20140518/aether-api-1.0.0.v20140518.jar
Progress (1): 106/118 kBProgress (1): 110/118 kBProgress (1): 115/118 kBProgress (1): 118 kB                        Downloaded from central: https://repo.maven.apache.org/maven2/org/apache/maven/surefire/surefire-booter/3.2.2/surefire-booter-3.2.2.jar (118 kB at 2.1 MB/s)
Downloading from central: https://repo.maven.apache.org/maven2/org/apache/maven/shared/maven-common-artifact-filters/3.1.1/maven-common-artifact-filters-3.1.1.jar
Progress (1): 0.9/171 kBProgress (1): 2.3/171 kBProgress (1): 3.6/171 kBProgress (1): 5.0/171 kBProgress (1): 6.4/171 kBProgress (1): 7.7/171 kBProgress (1): 9.1/171 kBProgress (1): 10/171 kB Progress (1): 12/171 kBProgress (1): 13/171 kBProgress (1): 15/171 kBProgress (1): 16/171 kBProgress (1): 17/171 kBProgress (1): 19/171 kBProgress (1): 20/171 kBProgress (1): 21/171 kBProgress (1): 23/171 kBProgress (1): 24/171 kBProgress (1): 26/171 kBProgress (1): 27/171 kBProgress (1): 28/171 kBProgress (1): 30/171 kBProgress (1): 31/171 kBProgress (1): 32/171 kBProgress (1): 34/171 kBProgress (1): 35/171 kBProgress (1): 36/171 kBProgress (1): 38/171 kBProgress (1): 39/171 kBProgress (1): 41/171 kBProgress (1): 42/171 kBProgress (1): 43/171 kBProgress (1): 45/171 kBProgress (1): 46/171 kBProgress (1): 47/171 kBProgress (1): 49/171 kBProgress (1): 50/171 kBProgress (1): 52/171 kBProgress (1): 53/171 kBProgress (1): 54/171 kBProgress (1): 56/171 kBProgress (1): 60/171 kBProgress (1): 64/171 kBProgress (1): 68/171 kBProgress (1): 73/171 kBProgress (1): 77/171 kBProgress (1): 81/171 kBProgress (1): 85/171 kBProgress (1): 89/171 kBProgress (1): 94/171 kBProgress (1): 98/171 kBProgress (1): 102/171 kBProgress (1): 106/171 kBProgress (1): 111/171 kBProgress (1): 115/171 kBProgress (1): 119/171 kBProgress (1): 123/171 kBProgress (1): 128/171 kBProgress (1): 132/171 kBProgress (1): 136/171 kBProgress (1): 140/171 kBProgress (1): 144/171 kBProgress (1): 149/171 kBProgress (1): 153/171 kBProgress (1): 157/171 kBProgress (1): 161/171 kBProgress (1): 166/171 kBProgress (1): 170/171 kBProgress (1): 171 kB                        Downloaded from central: https://repo.maven.apache.org/maven2/org/apache/maven/surefire/surefire-api/3.2.2/surefire-api-3.2.2.jar (171 kB at 2.3 MB/s)
Downloading from central: https://repo.maven.apache.org/maven2/commons-io/commons-io/2.12.0/commons-io-2.12.0.jar
Progress (1): 7.7/136 kBProgress (2): 7.7/136 kB | 0.9/8.2 kBProgress (2): 12/136 kB | 0.9/8.2 kB Progress (2): 12/136 kB | 2.3/8.2 kBProgress (2): 12/136 kB | 3.6/8.2 kBProgress (2): 12/136 kB | 5.0/8.2 kBProgress (2): 12/136 kB | 6.4/8.2 kBProgress (2): 12/136 kB | 7.7/8.2 kBProgress (2): 12/136 kB | 8.2 kB    Progress (2): 28/136 kB | 8.2 kB                                Downloaded from central: https://repo.maven.apache.org/maven2/org/apache/maven/surefire/surefire-extensions-spi/3.2.2/surefire-extensions-spi-3.2.2.jar (8.2 kB at 107 kB/s)
Progress (1): 44/136 kB                       Downloading from central: https://repo.maven.apache.org/maven2/org/apache/maven/surefire/surefire-shared-utils/3.2.2/surefire-shared-utils-3.2.2.jar
Progress (1): 61/136 kBProgress (1): 77/136 kBProgress (2): 77/136 kB | 3.8/61 kBProgress (2): 93/136 kB | 3.8/61 kBProgress (2): 93/136 kB | 8.0/61 kBProgress (2): 93/136 kB | 12/61 kB Progress (2): 110/136 kB | 12/61 kBProgress (2): 110/136 kB | 16/61 kBProgress (2): 110/136 kB | 21/61 kBProgress (2): 110/136 kB | 25/61 kBProgress (2): 126/136 kB | 25/61 kBProgress (2): 126/136 kB | 29/61 kBProgress (2): 126/136 kB | 33/61 kBProgress (2): 136 kB | 33/61 kB    Progress (2): 136 kB | 38/61 kBProgress (2): 136 kB | 42/61 kBProgress (2): 136 kB | 46/61 kB                               Downloaded from central: https://repo.maven.apache.org/maven2/org/eclipse/aether/aether-api/1.0.0.v20140518/aether-api-1.0.0.v20140518.jar (136 kB at 1.7 MB/s)
Progress (1): 50/61 kBProgress (1): 55/61 kBProgress (1): 59/61 kBProgress (1): 61 kB   Progress (2): 61 kB | 0.9/26 kBProgress (2): 61 kB | 2.3/26 kBProgress (2): 61 kB | 3.6/26 kBProgress (2): 61 kB | 5.0/26 kB                               Downloaded from central: https://repo.maven.apache.org/maven2/org/apache/maven/shared/maven-common-artifact-filters/3.1.1/maven-common-artifact-filters-3.1.1.jar (61 kB at 742 kB/s)
Progress (1): 6.4/26 kBProgress (1): 7.7/26 kBProgress (1): 9.1/26 kBProgress (1): 10/26 kB Progress (1): 12/26 kBProgress (1): 13/26 kBProgress (1): 15/26 kBProgress (1): 16/26 kBProgress (1): 17/26 kBProgress (1): 19/26 kBProgress (1): 20/26 kBProgress (1): 21/26 kBProgress (1): 23/26 kBProgress (1): 24/26 kBProgress (1): 26/26 kBProgress (1): 26 kB                      Downloaded from central: https://repo.maven.apache.org/maven2/org/apache/maven/surefire/surefire-extensions-api/3.2.2/surefire-extensions-api-3.2.2.jar (26 kB at 298 kB/s)
Progress (1): 3.8/474 kBProgress (1): 8.0/474 kBProgress (1): 12/474 kB Progress (1): 16/474 kBProgress (1): 21/474 kBProgress (1): 24/474 kBProgress (1): 28/474 kBProgress (1): 33/474 kBProgress (1): 37/474 kBProgress (1): 41/474 kBProgress (1): 45/474 kBProgress (1): 49/474 kBProgress (1): 66/474 kBProgress (1): 82/474 kBProgress (1): 99/474 kBProgress (1): 115/474 kBProgress (1): 131/474 kBProgress (1): 147/474 kBProgress (1): 164/474 kBProgress (1): 180/474 kBProgress (1): 197/474 kBProgress (1): 213/474 kBProgress (1): 229/474 kBProgress (1): 246/474 kBProgress (1): 262/474 kBProgress (1): 279/474 kBProgress (1): 295/474 kBProgress (1): 311/474 kBProgress (1): 328/474 kBProgress (1): 344/474 kBProgress (1): 360/474 kBProgress (1): 364/474 kBProgress (1): 381/474 kBProgress (1): 393/474 kBProgress (1): 410/474 kBProgress (1): 426/474 kBProgress (1): 430/474 kBProgress (1): 446/474 kBProgress (1): 463/474 kBProgress (1): 474 kB                        Downloaded from central: https://repo.maven.apache.org/maven2/commons-io/commons-io/2.12.0/commons-io-2.12.0.jar (474 kB at 4.1 MB/s)
Progress (1): 0/2.3 MBProgress (1): 0/2.3 MBProgress (1): 0/2.3 MBProgress (1): 0/2.3 MBProgress (1): 0/2.3 MBProgress (1): 0/2.3 MBProgress (1): 0/2.3 MBProgress (1): 0/2.3 MBProgress (1): 0/2.3 MBProgress (1): 0/2.3 MBProgress (1): 0/2.3 MBProgress (1): 0/2.3 MBProgress (1): 0/2.3 MBProgress (1): 0/2.3 MBProgress (1): 0/2.3 MBProgress (1): 0/2.3 MBProgress (1): 0/2.3 MBProgress (1): 0/2.3 MBProgress (1): 0/2.3 MBProgress (1): 0/2.3 MBProgress (1): 0/2.3 MBProgress (1): 0/2.3 MBProgress (1): 0/2.3 MBProgress (1): 0/2.3 MBProgress (1): 0/2.3 MBProgress (1): 0/2.3 MBProgress (1): 0/2.3 MBProgress (1): 0/2.3 MBProgress (1): 0/2.3 MBProgress (1): 0/2.3 MBProgress (1): 0/2.3 MBProgress (1): 0/2.3 MBProgress (1): 0/2.3 MBProgress (1): 0/2.3 MBProgress (1): 0.1/2.3 MBProgress (1): 0.1/2.3 MBProgress (1): 0.1/2.3 MBProgress (1): 0.1/2.3 MBProgress (1): 0.1/2.3 MBProgress (1): 0.1/2.3 MBProgress (1): 0.1/2.3 MBProgress (1): 0.1/2.3 MBProgress (1): 0.1/2.3 MBProgress (1): 0.1/2.3 MBProgress (1): 0.1/2.3 MBProgress (1): 0.1/2.3 MBProgress (1): 0.1/2.3 MBProgress (1): 0.1/2.3 MBProgress (1): 0.1/2.3 MBProgress (1): 0.1/2.3 MBProgress (1): 0.1/2.3 MBProgress (1): 0.1/2.3 MBProgress (1): 0.1/2.3 MBProgress (1): 0.1/2.3 MBProgress (1): 0.1/2.3 MBProgress (1): 0.1/2.3 MBProgress (1): 0.1/2.3 MBProgress (1): 0.1/2.3 MBProgress (1): 0.2/2.3 MBProgress (1): 0.2/2.3 MBProgress (1): 0.2/2.3 MBProgress (1): 0.2/2.3 MBProgress (1): 0.2/2.3 MBProgress (1): 0.2/2.3 MBProgress (1): 0.2/2.3 MBProgress (1): 0.2/2.3 MBProgress (1): 0.2/2.3 MBProgress (1): 0.2/2.3 MBProgress (1): 0.2/2.3 MBProgress (1): 0.2/2.3 MBProgress (1): 0.2/2.3 MBProgress (1): 0.2/2.3 MBProgress (1): 0.2/2.3 MBProgress (1): 0.2/2.3 MBProgress (1): 0.2/2.3 MBProgress (1): 0.2/2.3 MBProgress (1): 0.3/2.3 MBProgress (1): 0.3/2.3 MBProgress (1): 0.3/2.3 MBProgress (1): 0.3/2.3 MBProgress (1): 0.3/2.3 MBProgress (1): 0.3/2.3 MBProgress (1): 0.4/2.3 MBProgress (1): 0.4/2.3 MBProgress (1): 0.4/2.3 MBProgress (1): 0.4/2.3 MBProgress (1): 0.4/2.3 MBProgress (1): 0.4/2.3 MBProgress (1): 0.5/2.3 MBProgress (1): 0.5/2.3 MBProgress (1): 0.5/2.3 MBProgress (1): 0.5/2.3 MBProgress (1): 0.5/2.3 MBProgress (1): 0.5/2.3 MBProgress (1): 0.6/2.3 MBProgress (1): 0.6/2.3 MBProgress (1): 0.6/2.3 MBProgress (1): 0.6/2.3 MBProgress (1): 0.6/2.3 MBProgress (1): 0.6/2.3 MBProgress (1): 0.7/2.3 MBProgress (1): 0.7/2.3 MBProgress (1): 0.7/2.3 MBProgress (1): 0.7/2.3 MBProgress (1): 0.7/2.3 MBProgress (1): 0.7/2.3 MBProgress (1): 0.8/2.3 MBProgress (1): 0.8/2.3 MBProgress (1): 0.8/2.3 MBProgress (1): 0.8/2.3 MBProgress (1): 0.8/2.3 MBProgress (1): 0.8/2.3 MBProgress (1): 0.9/2.3 MBProgress (1): 0.9/2.3 MBProgress (1): 0.9/2.3 MBProgress (1): 0.9/2.3 MBProgress (1): 0.9/2.3 MBProgress (1): 0.9/2.3 MBProgress (1): 1.0/2.3 MBProgress (1): 1.0/2.3 MBProgress (1): 1.0/2.3 MBProgress (1): 1.0/2.3 MBProgress (1): 1.0/2.3 MBProgress (1): 1.0/2.3 MBProgress (1): 1.1/2.3 MBProgress (1): 1.1/2.3 MBProgress (1): 1.1/2.3 MBProgress (1): 1.1/2.3 MBProgress (1): 1.1/2.3 MBProgress (1): 1.1/2.3 MBProgress (1): 1.1/2.3 MBProgress (1): 1.2/2.3 MBProgress (1): 1.2/2.3 MBProgress (1): 1.2/2.3 MBProgress (1): 1.2/2.3 MBProgress (1): 1.2/2.3 MBProgress (1): 1.2/2.3 MBProgress (1): 1.3/2.3 MBProgress (1): 1.3/2.3 MBProgress (1): 1.3/2.3 MBProgress (1): 1.3/2.3 MBProgress (1): 1.3/2.3 MBProgress (1): 1.3/2.3 MBProgress (1): 1.4/2.3 MBProgress (1): 1.4/2.3 MBProgress (1): 1.4/2.3 MBProgress (1): 1.4/2.3 MBProgress (1): 1.4/2.3 MBProgress (1): 1.4/2.3 MBProgress (1): 1.5/2.3 MBProgress (1): 1.5/2.3 MBProgress (1): 1.5/2.3 MBProgress (1): 1.5/2.3 MBProgress (1): 1.5/2.3 MBProgress (1): 1.5/2.3 MBProgress (1): 1.6/2.3 MBProgress (1): 1.6/2.3 MBProgress (1): 1.6/2.3 MBProgress (1): 1.6/2.3 MBProgress (1): 1.6/2.3 MBProgress (1): 1.6/2.3 MBProgress (1): 1.7/2.3 MBProgress (1): 1.7/2.3 MBProgress (1): 1.7/2.3 MBProgress (1): 1.7/2.3 MBProgress (1): 1.7/2.3 MBProgress (1): 1.7/2.3 MBProgress (1): 1.8/2.3 MBProgress (1): 1.8/2.3 MBProgress (1): 1.8/2.3 MBProgress (1): 1.8/2.3 MBProgress (1): 1.8/2.3 MBProgress (1): 1.8/2.3 MBProgress (1): 1.9/2.3 MBProgress (1): 1.9/2.3 MBProgress (1): 1.9/2.3 MBProgress (1): 1.9/2.3 MBProgress (1): 1.9/2.3 MBProgress (1): 1.9/2.3 MBProgress (1): 2.0/2.3 MBProgress (1): 2.0/2.3 MBProgress (1): 2.0/2.3 MBProgress (1): 2.0/2.3 MBProgress (1): 2.0/2.3 MBProgress (1): 2.0/2.3 MBProgress (1): 2.1/2.3 MBProgress (1): 2.1/2.3 MBProgress (1): 2.1/2.3 MBProgress (1): 2.1/2.3 MBProgress (1): 2.1/2.3 MBProgress (1): 2.1/2.3 MBProgress (1): 2.1/2.3 MBProgress (1): 2.2/2.3 MBProgress (1): 2.2/2.3 MBProgress (1): 2.2/2.3 MBProgress (1): 2.2/2.3 MBProgress (1): 2.2/2.3 MBProgress (1): 2.2/2.3 MBProgress (1): 2.3/2.3 MBProgress (1): 2.3/2.3 MBProgress (1): 2.3/2.3 MBProgress (1): 2.3/2.3 MBProgress (1): 2.3/2.3 MBProgress (1): 2.3/2.3 MBProgress (1): 2.3 MB                        Downloaded from central: https://repo.maven.apache.org/maven2/org/apache/maven/surefire/surefire-shared-utils/3.2.2/surefire-shared-utils-3.2.2.jar (2.3 MB at 11 MB/s)
[INFO] Tests are skipped.
[INFO] 
[INFO] --- jar:3.3.0:jar (default-jar) @ walhalla-core ---
Downloading from central: https://repo.maven.apache.org/maven2/org/apache/maven/shared/file-management/3.1.0/file-management-3.1.0.pom
Progress (1): 794 BProgress (1): 2.2 kBProgress (1): 4.4 kBProgress (1): 4.5 kB                    Downloaded from central: https://repo.maven.apache.org/maven2/org/apache/maven/shared/file-management/3.1.0/file-management-3.1.0.pom (4.5 kB at 121 kB/s)
Downloading from central: https://repo.maven.apache.org/maven2/org/apache/maven/shared/maven-shared-components/36/maven-shared-components-36.pom
Progress (1): 781 BProgress (1): 2.3 kBProgress (1): 4.5 kBProgress (1): 4.9 kB                    Downloaded from central: https://repo.maven.apache.org/maven2/org/apache/maven/shared/maven-shared-components/36/maven-shared-components-36.pom (4.9 kB at 153 kB/s)
Downloading from central: https://repo.maven.apache.org/maven2/org/apache/maven/maven-parent/36/maven-parent-36.pom
Progress (1): 725 BProgress (1): 1.9 kBProgress (1): 5.4 kBProgress (1): 9.7 kBProgress (1): 14 kB Progress (1): 19 kBProgress (1): 23 kBProgress (1): 26 kBProgress (1): 28 kBProgress (1): 30 kBProgress (1): 34 kBProgress (1): 37 kBProgress (1): 40 kBProgress (1): 45 kBProgress (1): 45 kB                   Downloaded from central: https://repo.maven.apache.org/maven2/org/apache/maven/maven-parent/36/maven-parent-36.pom (45 kB at 874 kB/s)
Downloading from central: https://repo.maven.apache.org/maven2/org/apache/apache/26/apache-26.pom
Progress (1): 744 BProgress (1): 2.1 kBProgress (1): 3.9 kBProgress (1): 7.3 kBProgress (1): 12 kB Progress (1): 16 kBProgress (1): 19 kBProgress (1): 21 kB                   Downloaded from central: https://repo.maven.apache.org/maven2/org/apache/apache/26/apache-26.pom (21 kB at 604 kB/s)
Downloading from central: https://repo.maven.apache.org/maven2/org/codehaus/plexus/plexus-utils/3.3.0/plexus-utils-3.3.0.pom
Progress (1): 801 BProgress (1): 2.6 kBProgress (1): 4.9 kBProgress (1): 5.2 kB                    Downloaded from central: https://repo.maven.apache.org/maven2/org/codehaus/plexus/plexus-utils/3.3.0/plexus-utils-3.3.0.pom (5.2 kB at 140 kB/s)
Downloading from central: https://repo.maven.apache.org/maven2/org/apache/maven/maven-archiver/3.6.0/maven-archiver-3.6.0.pom
Progress (1): 796 BProgress (1): 2.2 kBProgress (1): 3.9 kB                    Downloaded from central: https://repo.maven.apache.org/maven2/org/apache/maven/maven-archiver/3.6.0/maven-archiver-3.6.0.pom (3.9 kB at 135 kB/s)
Downloading from central: https://repo.maven.apache.org/maven2/org/codehaus/plexus/plexus-io/3.4.0/plexus-io-3.4.0.pom
Progress (1): 1.2 kBProgress (1): 3.8 kBProgress (1): 6.0 kB                    Downloaded from central: https://repo.maven.apache.org/maven2/org/codehaus/plexus/plexus-io/3.4.0/plexus-io-3.4.0.pom (6.0 kB at 158 kB/s)
Downloading from central: https://repo.maven.apache.org/maven2/org/codehaus/plexus/plexus-archiver/4.4.0/plexus-archiver-4.4.0.pom
Progress (1): 1.2 kBProgress (1): 4.0 kBProgress (1): 6.2 kBProgress (1): 6.3 kB                    Downloaded from central: https://repo.maven.apache.org/maven2/org/codehaus/plexus/plexus-archiver/4.4.0/plexus-archiver-4.4.0.pom (6.3 kB at 190 kB/s)
Downloading from central: https://repo.maven.apache.org/maven2/org/apache/commons/commons-compress/1.21/commons-compress-1.21.pom
Progress (1): 753 BProgress (1): 1.9 kBProgress (1): 3.5 kBProgress (1): 6.8 kBProgress (1): 9.1 kBProgress (1): 11 kB Progress (1): 14 kBProgress (1): 18 kBProgress (1): 20 kB                   Downloaded from central: https://repo.maven.apache.org/maven2/org/apache/commons/commons-compress/1.21/commons-compress-1.21.pom (20 kB at 615 kB/s)
Downloading from central: https://repo.maven.apache.org/maven2/org/iq80/snappy/snappy/0.4/snappy-0.4.pom
Progress (1): 1.2 kBProgress (1): 3.7 kBProgress (1): 8.5 kBProgress (1): 12 kB Progress (1): 15 kB                   Downloaded from central: https://repo.maven.apache.org/maven2/org/iq80/snappy/snappy/0.4/snappy-0.4.pom (15 kB at 346 kB/s)
Downloading from central: https://repo.maven.apache.org/maven2/org/tukaani/xz/1.9/xz-1.9.pom
Progress (1): 1.1 kBProgress (1): 2.0 kB                    Downloaded from central: https://repo.maven.apache.org/maven2/org/tukaani/xz/1.9/xz-1.9.pom (2.0 kB at 71 kB/s)
Downloading from central: https://repo.maven.apache.org/maven2/org/codehaus/plexus/plexus-utils/3.4.2/plexus-utils-3.4.2.pom
Progress (1): 729 BProgress (1): 2.3 kBProgress (1): 4.7 kBProgress (1): 8.2 kB                    Downloaded from central: https://repo.maven.apache.org/maven2/org/codehaus/plexus/plexus-utils/3.4.2/plexus-utils-3.4.2.pom (8.2 kB at 293 kB/s)
Downloading from central: https://repo.maven.apache.org/maven2/org/codehaus/plexus/plexus/8/plexus-8.pom
Progress (1): 696 BProgress (1): 2.7 kBProgress (1): 6.4 kBProgress (1): 9.2 kBProgress (1): 11 kB Progress (1): 15 kBProgress (1): 20 kBProgress (1): 24 kBProgress (1): 25 kB                   Downloaded from central: https://repo.maven.apache.org/maven2/org/codehaus/plexus/plexus/8/plexus-8.pom (25 kB at 771 kB/s)
Downloading from central: https://repo.maven.apache.org/maven2/org/apache/maven/shared/file-management/3.1.0/file-management-3.1.0.jar
Progress (1): 7.7/36 kBProgress (1): 16/36 kB Progress (1): 32/36 kBProgress (1): 36 kB                      Downloaded from central: https://repo.maven.apache.org/maven2/org/apache/maven/shared/file-management/3.1.0/file-management-3.1.0.jar (36 kB at 1.1 MB/s)
Downloading from central: https://repo.maven.apache.org/maven2/org/apache/maven/maven-archiver/3.6.0/maven-archiver-3.6.0.jar
Downloading from central: https://repo.maven.apache.org/maven2/org/codehaus/plexus/plexus-io/3.4.0/plexus-io-3.4.0.jar
Downloading from central: https://repo.maven.apache.org/maven2/org/codehaus/plexus/plexus-archiver/4.4.0/plexus-archiver-4.4.0.jar
Downloading from central: https://repo.maven.apache.org/maven2/org/apache/commons/commons-compress/1.21/commons-compress-1.21.jar
Downloading from central: https://repo.maven.apache.org/maven2/org/iq80/snappy/snappy/0.4/snappy-0.4.jar
Progress (1): 0/1.0 MBProgress (1): 0/1.0 MBProgress (1): 0/1.0 MBProgress (1): 0/1.0 MBProgress (1): 0/1.0 MBProgress (1): 0/1.0 MBProgress (1): 0/1.0 MBProgress (1): 0/1.0 MBProgress (1): 0/1.0 MBProgress (1): 0/1.0 MBProgress (1): 0.1/1.0 MBProgress (1): 0.1/1.0 MBProgress (1): 0.1/1.0 MBProgress (1): 0.1/1.0 MBProgress (1): 0.1/1.0 MBProgress (1): 0.1/1.0 MBProgress (1): 0.2/1.0 MBProgress (2): 0.2/1.0 MB | 7.7/26 kBProgress (2): 0.2/1.0 MB | 16/26 kB Progress (2): 0.2/1.0 MB | 16/26 kBProgress (2): 0.2/1.0 MB | 25/26 kBProgress (2): 0.2/1.0 MB | 26 kB   Progress (2): 0.2/1.0 MB | 26 kB                                Downloaded from central: https://repo.maven.apache.org/maven2/org/apache/maven/maven-archiver/3.6.0/maven-archiver-3.6.0.jar (26 kB at 820 kB/s)
Downloading from central: https://repo.maven.apache.org/maven2/org/tukaani/xz/1.9/xz-1.9.jar
Progress (1): 0.2/1.0 MBProgress (1): 0.2/1.0 MBProgress (1): 0.2/1.0 MBProgress (1): 0.3/1.0 MBProgress (2): 0.3/1.0 MB | 0.9/211 kBProgress (2): 0.3/1.0 MB | 2.3/211 kBProgress (2): 0.3/1.0 MB | 2.3/211 kBProgress (2): 0.3/1.0 MB | 3.6/211 kBProgress (2): 0.3/1.0 MB | 5.0/211 kBProgress (2): 0.3/1.0 MB | 6.4/211 kBProgress (2): 0.3/1.0 MB | 7.7/211 kBProgress (2): 0.3/1.0 MB | 9.1/211 kBProgress (2): 0.3/1.0 MB | 10/211 kB Progress (2): 0.3/1.0 MB | 12/211 kBProgress (2): 0.3/1.0 MB | 13/211 kBProgress (2): 0.3/1.0 MB | 15/211 kBProgress (2): 0.3/1.0 MB | 16/211 kBProgress (2): 0.3/1.0 MB | 16/211 kBProgress (2): 0.3/1.0 MB | 17/211 kBProgress (2): 0.3/1.0 MB | 19/211 kBProgress (2): 0.3/1.0 MB | 20/211 kBProgress (2): 0.3/1.0 MB | 21/211 kBProgress (2): 0.3/1.0 MB | 23/211 kBProgress (2): 0.3/1.0 MB | 24/211 kBProgress (2): 0.3/1.0 MB | 26/211 kBProgress (2): 0.3/1.0 MB | 27/211 kBProgress (2): 0.3/1.0 MB | 28/211 kBProgress (2): 0.3/1.0 MB | 28/211 kBProgress (2): 0.3/1.0 MB | 33/211 kBProgress (2): 0.3/1.0 MB | 37/211 kBProgress (2): 0.3/1.0 MB | 41/211 kBProgress (2): 0.3/1.0 MB | 45/211 kBProgress (2): 0.3/1.0 MB | 45/211 kBProgress (2): 0.3/1.0 MB | 49/211 kBProgress (2): 0.3/1.0 MB | 54/211 kBProgress (2): 0.3/1.0 MB | 58/211 kBProgress (2): 0.3/1.0 MB | 58/211 kBProgress (2): 0.3/1.0 MB | 62/211 kBProgress (2): 0.3/1.0 MB | 65/211 kBProgress (2): 0.3/1.0 MB | 69/211 kBProgress (2): 0.4/1.0 MB | 69/211 kBProgress (2): 0.4/1.0 MB | 73/211 kBProgress (2): 0.4/1.0 MB | 78/211 kBProgress (2): 0.4/1.0 MB | 82/211 kBProgress (2): 0.4/1.0 MB | 82/211 kBProgress (2): 0.4/1.0 MB | 86/211 kBProgress (2): 0.4/1.0 MB | 90/211 kBProgress (2): 0.4/1.0 MB | 94/211 kBProgress (2): 0.4/1.0 MB | 94/211 kBProgress (2): 0.4/1.0 MB | 99/211 kBProgress (2): 0.4/1.0 MB | 103/211 kBProgress (2): 0.4/1.0 MB | 107/211 kBProgress (2): 0.4/1.0 MB | 107/211 kBProgress (2): 0.4/1.0 MB | 111/211 kBProgress (2): 0.4/1.0 MB | 116/211 kBProgress (2): 0.4/1.0 MB | 120/211 kBProgress (2): 0.4/1.0 MB | 120/211 kBProgress (2): 0.4/1.0 MB | 124/211 kBProgress (2): 0.4/1.0 MB | 128/211 kBProgress (2): 0.4/1.0 MB | 132/211 kBProgress (2): 0.4/1.0 MB | 132/211 kBProgress (2): 0.4/1.0 MB | 137/211 kBProgress (2): 0.4/1.0 MB | 141/211 kBProgress (2): 0.4/1.0 MB | 145/211 kBProgress (2): 0.5/1.0 MB | 145/211 kBProgress (2): 0.5/1.0 MB | 149/211 kBProgress (2): 0.5/1.0 MB | 154/211 kBProgress (2): 0.5/1.0 MB | 158/211 kBProgress (2): 0.5/1.0 MB | 158/211 kBProgress (2): 0.5/1.0 MB | 162/211 kBProgress (2): 0.5/1.0 MB | 166/211 kBProgress (2): 0.5/1.0 MB | 171/211 kBProgress (2): 0.5/1.0 MB | 171/211 kBProgress (2): 0.5/1.0 MB | 175/211 kBProgress (2): 0.5/1.0 MB | 179/211 kBProgress (2): 0.5/1.0 MB | 183/211 kBProgress (2): 0.5/1.0 MB | 183/211 kBProgress (2): 0.5/1.0 MB | 187/211 kBProgress (2): 0.5/1.0 MB | 192/211 kBProgress (2): 0.5/1.0 MB | 196/211 kBProgress (2): 0.5/1.0 MB | 196/211 kBProgress (2): 0.5/1.0 MB | 211 kB    Progress (2): 0.5/1.0 MB | 211 kBProgress (2): 0.5/1.0 MB | 211 kB                                 Downloaded from central: https://repo.maven.apache.org/maven2/org/codehaus/plexus/plexus-archiver/4.4.0/plexus-archiver-4.4.0.jar (211 kB at 4.8 MB/s)
Downloading from central: https://repo.maven.apache.org/maven2/org/codehaus/plexus/plexus-utils/3.4.2/plexus-utils-3.4.2.jar
Progress (1): 0.6/1.0 MBProgress (1): 0.6/1.0 MBProgress (1): 0.6/1.0 MBProgress (1): 0.6/1.0 MBProgress (1): 0.6/1.0 MBProgress (1): 0.6/1.0 MBProgress (1): 0.7/1.0 MBProgress (1): 0.7/1.0 MBProgress (2): 0.7/1.0 MB | 7.7/58 kBProgress (2): 0.7/1.0 MB | 7.7/58 kBProgress (2): 0.7/1.0 MB | 16/58 kB Progress (2): 0.7/1.0 MB | 16/58 kBProgress (2): 0.7/1.0 MB | 32/58 kBProgress (2): 0.7/1.0 MB | 32/58 kBProgress (2): 0.7/1.0 MB | 49/58 kBProgress (2): 0.7/1.0 MB | 58 kB   Progress (2): 0.7/1.0 MB | 58 kBProgress (2): 0.8/1.0 MB | 58 kB                                Downloaded from central: https://repo.maven.apache.org/maven2/org/iq80/snappy/snappy/0.4/snappy-0.4.jar (58 kB at 1.1 MB/s)
Progress (1): 0.8/1.0 MBProgress (1): 0.8/1.0 MBProgress (1): 0.8/1.0 MBProgress (1): 0.8/1.0 MBProgress (1): 0.8/1.0 MBProgress (1): 0.9/1.0 MBProgress (1): 0.9/1.0 MBProgress (1): 0.9/1.0 MBProgress (1): 0.9/1.0 MBProgress (1): 0.9/1.0 MBProgress (1): 0.9/1.0 MBProgress (1): 1.0/1.0 MBProgress (1): 1.0/1.0 MBProgress (1): 1.0/1.0 MBProgress (1): 1.0/1.0 MBProgress (1): 1.0 MB                        Downloaded from central: https://repo.maven.apache.org/maven2/org/apache/commons/commons-compress/1.21/commons-compress-1.21.jar (1.0 MB at 17 MB/s)
Progress (1): 7.7/116 kBProgress (1): 16/116 kB Progress (1): 32/116 kBProgress (1): 49/116 kBProgress (1): 65/116 kBProgress (1): 81/116 kBProgress (1): 98/116 kBProgress (1): 114/116 kBProgress (1): 116 kB                        Downloaded from central: https://repo.maven.apache.org/maven2/org/tukaani/xz/1.9/xz-1.9.jar (116 kB at 1.8 MB/s)
Progress (1): 7.7/267 kBProgress (1): 16/267 kB Progress (1): 32/267 kBProgress (1): 49/267 kBProgress (1): 65/267 kBProgress (1): 81/267 kBProgress (1): 98/267 kBProgress (1): 114/267 kBProgress (1): 131/267 kBProgress (1): 147/267 kBProgress (1): 163/267 kBProgress (1): 180/267 kBProgress (1): 196/267 kBProgress (1): 213/267 kBProgress (1): 229/267 kBProgress (1): 245/267 kBProgress (1): 262/267 kBProgress (2): 262/267 kB | 7.7/79 kBProgress (2): 267 kB | 7.7/79 kB    Progress (2): 267 kB | 16/79 kB Progress (2): 267 kB | 32/79 kB                               Downloaded from central: https://repo.maven.apache.org/maven2/org/codehaus/plexus/plexus-utils/3.4.2/plexus-utils-3.4.2.jar (267 kB at 3.0 MB/s)
Progress (1): 49/79 kBProgress (1): 65/79 kBProgress (1): 79 kB                      Downloaded from central: https://repo.maven.apache.org/maven2/org/codehaus/plexus/plexus-io/3.4.0/plexus-io-3.4.0.jar (79 kB at 862 kB/s)
[INFO] Building jar: /home/ubuntu/WalhallaMMO_From_CANON_v1.5.3_CORE_UIFIX/WalhallaCore/target/walhalla-core-1.5.0-SNAPSHOT.jar
[INFO] 
[INFO] --------------------< walhalla.mmo:walhalla-combat >--------------------
[INFO] Building WalhallaCombat 1.5.0-SNAPSHOT                            [3/17]
[INFO]   from WalhallaCombat/pom.xml
[INFO] --------------------------------[ jar ]---------------------------------
[INFO] 
[INFO] --- clean:3.2.0:clean (default-clean) @ walhalla-combat ---
[INFO] Deleting /home/ubuntu/WalhallaMMO_From_CANON_v1.5.3_CORE_UIFIX/WalhallaCombat/target
[INFO] 
[INFO] --- resources:3.3.1:resources (default-resources) @ walhalla-combat ---
[INFO] Copying 2 resources from src/main/resources to target/classes
[INFO] 
[INFO] --- compiler:3.13.0:compile (default-compile) @ walhalla-combat ---
[INFO] Recompiling the module because of changed dependency.
[INFO] Compiling 15 source files with javac [debug release 21] to target/classes
[INFO] Annotation processing is enabled because one or more processors were found
  on the class path. A future release of javac may disable annotation processing
  unless at least one processor is specified by name (-processor), or a search
  path is specified (--processor-path, --processor-module-path), or annotation
  processing is enabled explicitly (-proc:only, -proc:full).
  Use -Xlint:-options to suppress this message.
  Use -proc:none to disable annotation processing.
[INFO] /home/ubuntu/WalhallaMMO_From_CANON_v1.5.3_CORE_UIFIX/WalhallaCombat/src/main/java/walhalla/mmo/combat/CombatFeedback.java: Some input files use or override a deprecated API.
[INFO] /home/ubuntu/WalhallaMMO_From_CANON_v1.5.3_CORE_UIFIX/WalhallaCombat/src/main/java/walhalla/mmo/combat/CombatFeedback.java: Recompile with -Xlint:deprecation for details.
[INFO] 
[INFO] --- resources:3.3.1:testResources (default-testResources) @ walhalla-combat ---
[INFO] skip non existing resourceDirectory /home/ubuntu/WalhallaMMO_From_CANON_v1.5.3_CORE_UIFIX/WalhallaCombat/src/test/resources
[INFO] 
[INFO] --- compiler:3.13.0:testCompile (default-testCompile) @ walhalla-combat ---
[INFO] No sources to compile
[INFO] 
[INFO] --- surefire:3.2.2:test (default-test) @ walhalla-combat ---
[INFO] Tests are skipped.
[INFO] 
[INFO] --- jar:3.3.0:jar (default-jar) @ walhalla-combat ---
[INFO] Building jar: /home/ubuntu/WalhallaMMO_From_CANON_v1.5.3_CORE_UIFIX/WalhallaCombat/target/walhalla-combat-1.5.0-SNAPSHOT.jar
[INFO] 
[INFO] --------------------< walhalla.mmo:walhalla-spells >--------------------
[INFO] Building WalhallaSpells 1.5.0-SNAPSHOT                            [4/17]
[INFO]   from WalhallaSpells/pom.xml
[INFO] --------------------------------[ jar ]---------------------------------
[INFO] 
[INFO] --- clean:3.2.0:clean (default-clean) @ walhalla-spells ---
[INFO] Deleting /home/ubuntu/WalhallaMMO_From_CANON_v1.5.3_CORE_UIFIX/WalhallaSpells/target
[INFO] 
[INFO] --- resources:3.3.1:resources (default-resources) @ walhalla-spells ---
[INFO] Copying 2 resources from src/main/resources to target/classes
[INFO] 
[INFO] --- compiler:3.13.0:compile (default-compile) @ walhalla-spells ---
[INFO] Recompiling the module because of changed dependency.
[INFO] Compiling 15 source files with javac [debug release 21] to target/classes
[INFO] Annotation processing is enabled because one or more processors were found
  on the class path. A future release of javac may disable annotation processing
  unless at least one processor is specified by name (-processor), or a search
  path is specified (--processor-path, --processor-module-path), or annotation
  processing is enabled explicitly (-proc:only, -proc:full).
  Use -Xlint:-options to suppress this message.
  Use -proc:none to disable annotation processing.
[INFO] -------------------------------------------------------------
[ERROR] COMPILATION ERROR : 
[INFO] -------------------------------------------------------------
[ERROR] /home/ubuntu/WalhallaMMO_From_CANON_v1.5.3_CORE_UIFIX/WalhallaSpells/src/main/java/walhalla/mmo/spells/mage/MageSetCatalog.java:[51,38] illegal escape character
[INFO] 1 error
[INFO] -------------------------------------------------------------
[INFO] ------------------------------------------------------------------------
[INFO] Reactor Summary for walhalla-parent 1.5.0-SNAPSHOT:
[INFO] 
[INFO] walhalla-parent .................................... SUCCESS [  0.146 s]
[INFO] WalhallaCore ....................................... SUCCESS [  6.105 s]
[INFO] WalhallaCombat ..................................... SUCCESS [  0.541 s]
[INFO] WalhallaSpells ..................................... FAILURE [  0.114 s]
[INFO] WalhallaWeapons .................................... SKIPPED
[INFO] WalhallaWeaponMods ................................. SKIPPED
[INFO] WalhallaProfessions ................................ SKIPPED
[INFO] WalhallaZones ...................................... SKIPPED
[INFO] WalhallaMenu ....................................... SKIPPED
[INFO] WalhallaRPGMenu .................................... SKIPPED
[INFO] WalhallaEconomy .................................... SKIPPED
[INFO] WalhallaMarket ..................................... SKIPPED
[INFO] WalhallaGuilds ..................................... SKIPPED
[INFO] WalhallaDungeons ................................... SKIPPED
[INFO] WalhallaBosses ..................................... SKIPPED
[INFO] WalhallaQuests ..................................... SKIPPED
[INFO] WalhallaEvents ..................................... SKIPPED
[INFO] ------------------------------------------------------------------------
[INFO] BUILD FAILURE
[INFO] ------------------------------------------------------------------------
[INFO] Total time:  7.050 s
[INFO] Finished at: 2026-01-27T16:17:05-05:00
[INFO] ------------------------------------------------------------------------
[ERROR] Failed to execute goal org.apache.maven.plugins:maven-compiler-plugin:3.13.0:compile (default-compile) on project walhalla-spells: Compilation failure
[ERROR] /home/ubuntu/WalhallaMMO_From_CANON_v1.5.3_CORE_UIFIX/WalhallaSpells/src/main/java/walhalla/mmo/spells/mage/MageSetCatalog.java:[51,38] illegal escape character
[ERROR] 
[ERROR] -> [Help 1]
[ERROR] 
[ERROR] To see the full stack trace of the errors, re-run Maven with the -e switch.
[ERROR] Re-run Maven using the -X switch to enable full debug logging.
[ERROR] 
[ERROR] For more information about the errors and possible solutions, please read the following articles:
[ERROR] [Help 1] http://cwiki.apache.org/confluence/display/MAVEN/MojoFailureException
[ERROR] 
[ERROR] After correcting the problems, you can resume the build with the command
[ERROR]   mvn <args> -rf :walhalla-spells
